<?xml version="1.0" encoding="UTF-8"?>
<!-- Generated by org.testng.reporters.JUnitReportReporter -->
<testsuite skipped="0" hostname="DESKTOP-5N5ATR9" name="Demo" tests="1" failures="0" timestamp="08 Mar 2018 17:38:30 GMT" time="8.720" errors="0">
  <testcase name="searchWithInValidData" time="8.720" classname="Demo"/>
</testsuite> <!-- Demo -->
